<?xml version="1.0" encoding="UTF-8"?>
<!-- Generated by org.testng.reporters.JUnitReportReporter -->
<testsuite hostname="LAPTOP-VNBA3OG5" failures="0" tests="1" name="TestcasesFor3parameters._TestcasesFor3parameters.valiadte3inputs" time="0.012" errors="0" timestamp="2021-09-26T23:40:52 CDT" skipped="0">
  <testcase classname="TestcasesFor3parameters._TestcasesFor3parameters.valiadte3inputs" name="maxw2" time="0.012"/>
  <system-out/>
</testsuite> <!-- TestcasesFor3parameters._TestcasesFor3parameters.valiadte3inputs -->
